<?xml version="1.0" encoding="UTF-8"?>
<!-- Generated by org.testng.reporters.JUnitReportReporter -->
<testsuite hostname="BAKL-006" failures="0" tests="1" name="testCases.TC004_ForgotPassword" time="2.120" errors="0" timestamp="2025-01-09T16:39:19 IST" skipped="0">
  <testcase classname="testCases.TC004_ForgotPassword" name="reset_password" time="2.120"/>
</testsuite> <!-- testCases.TC004_ForgotPassword -->
