<?xml version="1.0" encoding="UTF-8"?>
<!-- Generated by org.testng.reporters.JUnitReportReporter -->
<testsuite hostname="BAKL-006" failures="0" tests="2" name="testCases.TC001_AccountRegistrationTest" time="4.856" errors="0" timestamp="2025-01-15T13:10:56 IST" skipped="0">
  <testcase classname="testCases.TC001_AccountRegistrationTest" name="verify_account_registration" time="2.050"/>
  <testcase classname="testCases.TC001_AccountRegistrationTest" name="verify_account_registration" time="2.806"/>
</testsuite> <!-- testCases.TC001_AccountRegistrationTest -->
