<?xml version="1.0" encoding="UTF-8"?>
<!-- Generated by org.testng.reporters.JUnitReportReporter -->
<testsuite hostname="BAKL-006" failures="0" tests="2" name="testCases.TC002_UserLoginTest" time="3.414" errors="0" timestamp="2025-01-15T13:10:56 IST" skipped="0">
  <testcase classname="testCases.TC002_UserLoginTest" name="verify_user_login" time="1.982"/>
  <testcase classname="testCases.TC002_UserLoginTest" name="verify_user_login" time="1.432"/>
</testsuite> <!-- testCases.TC002_UserLoginTest -->
