<?xml version="1.0" encoding="UTF-8"?>
<!-- Generated by org.testng.reporters.JUnitReportReporter -->
<testsuite hostname="BAKL-006" failures="0" tests="1" name="testCases.TC001_AccountRegistrationTest" time="2.668" errors="0" timestamp="2025-01-16T19:49:58 IST" skipped="0">
  <testcase classname="testCases.TC001_AccountRegistrationTest" name="verify_account_registration" time="2.668"/>
</testsuite> <!-- testCases.TC001_AccountRegistrationTest -->
