<?xml version="1.0" encoding="UTF-8"?>
<!-- Generated by org.testng.reporters.JUnitReportReporter -->
<testsuite hostname="BAKL-006" failures="0" tests="1" name="testCases.TC002_UserLoginTest" time="2.148" errors="0" timestamp="2025-01-16T19:49:58 IST" skipped="0">
  <testcase classname="testCases.TC002_UserLoginTest" name="verify_user_login" time="2.148"/>
</testsuite> <!-- testCases.TC002_UserLoginTest -->
